<?xml version="1.0" encoding="UTF-8"?>
<Site BuildName="(empty)"
	BuildStamp="20250925-0357-Experimental"
	Name="(empty)"
	Generator="ctest-3.16.3"
	CompilerName=""
	CompilerVersion=""
	OSName="Linux"
	Hostname="TsingHe"
	OSRelease="6.6.87.2-microsoft-standard-WSL2"
	OSVersion="#1 SMP PREEMPT_DYNAMIC Thu Jun  5 18:30:46 UTC 2025"
	OSPlatform="x86_64"
	Is64Bits="1"
	VendorString="AuthenticAMD"
	VendorID="Advanced Micro Devices"
	FamilyID="25"
	ModelID="116"
	ProcessorCacheSize="1024"
	NumberOfLogicalCPU="16"
	NumberOfPhysicalCPU="8"
	TotalVirtualMemory="4096"
	TotalPhysicalMemory="13820"
	LogicalProcessorsPerPhysical="2"
	ProcessorClockFrequency="3792.64"
	>
	<Testing>
		<StartDateTime>Sep 25 20:40 CST</StartDateTime>
		<StartTestTime>1758804053</StartTestTime>
		<TestList/>
		<EndDateTime>Sep 25 20:40 CST</EndDateTime>
		<EndTestTime>1758804053</EndTestTime>
		<ElapsedMinutes>0</ElapsedMinutes>
	</Testing>
</Site>
